[13:20:28] [Client thread/INFO]: Setting user: Player49
[13:20:32] [Client thread/WARN]: Skipping bad option: lastServer:
[13:20:32] [Client thread/INFO]: LWJGL Version: 2.9.4
[13:20:36] [Client thread/INFO]: Reloading ResourceManager: Default, FMLFileResourcePack:Forge Mod Loader, FMLFileResourcePack:Minecraft Forge, FMLFileResourcePack:HackCraft
[13:20:43] [Sound Library Loader/INFO]: Starting up SoundSystem...
[13:20:43] [Thread-8/INFO]: Initializing LWJGL OpenAL
[13:20:43] [Thread-8/INFO]: (The LWJGL binding of OpenAL.  For more information, see http://www.lwjgl.org)
[13:20:43] [Thread-8/INFO]: OpenAL initialized.
[13:20:43] [Sound Library Loader/INFO]: Sound engine started
[13:20:48] [Client thread/INFO]: Created: 16x16 textures-atlas
[13:20:49] [Client thread/INFO]: Reloading ResourceManager: Default, FMLFileResourcePack:Forge Mod Loader, FMLFileResourcePack:Minecraft Forge, FMLFileResourcePack:HackCraft
[13:20:53] [Client thread/INFO]: SoundSystem shutting down...
[13:20:53] [Client thread/WARN]: Author: Paul Lamb, www.paulscode.com
[13:20:53] [Sound Library Loader/INFO]: Starting up SoundSystem...
[13:20:53] [Thread-10/INFO]: Initializing LWJGL OpenAL
[13:20:53] [Thread-10/INFO]: (The LWJGL binding of OpenAL.  For more information, see http://www.lwjgl.org)
[13:20:53] [Thread-10/INFO]: OpenAL initialized.
[13:20:54] [Sound Library Loader/INFO]: Sound engine started
[13:20:58] [Client thread/INFO]: Created: 512x512 textures-atlas
[13:20:59] [Client thread/WARN]: Skipping bad option: lastServer:
[13:21:09] [Realms Notification Availability checker #1/INFO]: Could not authorize you against Realms server: Invalid session id
[13:21:24] [Server thread/INFO]: Starting integrated minecraft server version 1.10.2
[13:21:24] [Server thread/INFO]: Generating keypair
[13:21:25] [Server thread/INFO]: Preparing start region for level 0
[13:21:26] [Server thread/INFO]: Preparing spawn area: 5%
[13:21:27] [Server thread/INFO]: Preparing spawn area: 74%
[13:21:27] [Server thread/INFO]: Changing view distance to 12, from 10
[13:21:30] [Server thread/INFO]: Player49[local:E:4f6f4134] logged in with entity id 308 at (131.69999998807907, 71.0, 123.0502271599952)
[13:21:30] [Server thread/INFO]: Player49 joined the game
[13:21:31] [Server thread/INFO]: Saving and pausing game...
[13:21:32] [Server thread/INFO]: Saving chunks for level 'New World'/Overworld
[13:21:32] [Server thread/INFO]: Saving chunks for level 'New World'/Nether
[13:21:32] [Server thread/INFO]: Saving chunks for level 'New World'/The End
[13:21:36] [pool-2-thread-1/WARN]: Couldn't look up profile properties for com.mojang.authlib.GameProfile@1a6f767f[id=0d077092-9045-3af8-b41e-a691f388e76a,name=Player49,properties={},legacy=false]
com.mojang.authlib.exceptions.AuthenticationException: The client has sent too many requests within a certain amount of time
	at com.mojang.authlib.yggdrasil.YggdrasilAuthenticationService.makeRequest(YggdrasilAuthenticationService.java:65) ~[YggdrasilAuthenticationService.class:?]
	at com.mojang.authlib.yggdrasil.YggdrasilMinecraftSessionService.fillGameProfile(YggdrasilMinecraftSessionService.java:175) [YggdrasilMinecraftSessionService.class:?]
	at com.mojang.authlib.yggdrasil.YggdrasilMinecraftSessionService$1.load(YggdrasilMinecraftSessionService.java:59) [YggdrasilMinecraftSessionService$1.class:?]
	at com.mojang.authlib.yggdrasil.YggdrasilMinecraftSessionService$1.load(YggdrasilMinecraftSessionService.java:56) [YggdrasilMinecraftSessionService$1.class:?]
	at com.google.common.cache.LocalCache$LoadingValueReference.loadFuture(LocalCache.java:3524) [guava-17.0.jar:?]
	at com.google.common.cache.LocalCache$Segment.loadSync(LocalCache.java:2317) [guava-17.0.jar:?]
	at com.google.common.cache.LocalCache$Segment.lockedGetOrLoad(LocalCache.java:2280) [guava-17.0.jar:?]
	at com.google.common.cache.LocalCache$Segment.get(LocalCache.java:2195) [guava-17.0.jar:?]
	at com.google.common.cache.LocalCache.get(LocalCache.java:3934) [guava-17.0.jar:?]
	at com.google.common.cache.LocalCache.getOrLoad(LocalCache.java:3938) [guava-17.0.jar:?]
	at com.google.common.cache.LocalCache$LocalLoadingCache.get(LocalCache.java:4821) [guava-17.0.jar:?]
	at com.google.common.cache.LocalCache$LocalLoadingCache.getUnchecked(LocalCache.java:4827) [guava-17.0.jar:?]
	at com.mojang.authlib.yggdrasil.YggdrasilMinecraftSessionService.fillProfileProperties(YggdrasilMinecraftSessionService.java:165) [YggdrasilMinecraftSessionService.class:?]
	at net.minecraft.client.Minecraft.getProfileProperties(Minecraft.java:3060) [Minecraft.class:?]
	at net.minecraft.client.resources.SkinManager$3.run(SkinManager.java:131) [SkinManager$3.class:?]
	at java.util.concurrent.Executors$RunnableAdapter.call(Executors.java:511) [?:1.8.0_131]
	at java.util.concurrent.FutureTask.run(FutureTask.java:266) [?:1.8.0_131]
	at java.util.concurrent.ThreadPoolExecutor.runWorker(ThreadPoolExecutor.java:1142) [?:1.8.0_131]
	at java.util.concurrent.ThreadPoolExecutor$Worker.run(ThreadPoolExecutor.java:617) [?:1.8.0_131]
	at java.lang.Thread.run(Thread.java:748) [?:1.8.0_131]
[13:23:57] [Server thread/INFO]: Player49 has just earned the achievement [Taking Inventory]
[13:23:57] [Client thread/INFO]: [CHAT] Player49 has just earned the achievement [Taking Inventory]
[13:23:58] [Client thread/INFO]: Stopping!
[13:23:58] [Client thread/INFO]: SoundSystem shutting down...
[13:23:59] [Server thread/INFO]: Stopping server
[13:23:59] [Server thread/INFO]: Saving players
[13:23:59] [Server thread/INFO]: Saving worlds
[13:23:59] [Server thread/INFO]: Saving chunks for level 'New World'/Overworld
[13:23:59] [Client thread/WARN]: Author: Paul Lamb, www.paulscode.com
[13:23:59] [Server thread/INFO]: Saving chunks for level 'New World'/Nether
[13:23:59] [Server thread/INFO]: Saving chunks for level 'New World'/The End
[13:23:59] [Client Shutdown Thread/INFO]: Stopping server
[13:23:59] [Client Shutdown Thread/INFO]: Saving players
[13:23:59] [Client Shutdown Thread/INFO]: Saving worlds
[13:23:59] [Client Shutdown Thread/INFO]: Saving chunks for level 'New World'/Overworld
